<?xml version="1.0" encoding="UTF-8"?>
<!-- Generated by org.testng.reporters.JUnitXMLReporter -->
<testsuite ignored="5" hostname="Ali-Hammad" failures="0" tests="1" name="Default test" time="39.952" errors="0" timestamp="2024-07-26T19:31:08 PKT">
  <testcase classname="cubixWebsiteTestPackage.CubixWebsiteTestCases" name="verifyCareerForm" time="35.45"/>
  <testcase classname="cubixWebsiteTestPackage.CubixWebsiteTestCases" name="verifyHomepage" time="0.0">
    <ignored/>
  </testcase> <!-- verifyHomepage -->
  <testcase classname="cubixWebsiteTestPackage.CubixWebsiteTestCases" name="searchFunctionality" time="0.0">
    <ignored/>
  </testcase> <!-- searchFunctionality -->
  <testcase classname="cubixWebsiteTestPackage.CubixWebsiteTestCases" name="verifyProjectForm" time="0.0">
    <ignored/>
  </testcase> <!-- verifyProjectForm -->
  <testcase classname="cubixWebsiteTestPackage.CubixWebsiteTestCases" name="verifyBlogPost" time="0.0">
    <ignored/>
  </testcase> <!-- verifyBlogPost -->
  <testcase classname="cubixWebsiteTestPackage.CubixWebsiteTestCases" name="verifyContactPage" time="0.0">
    <ignored/>
  </testcase> <!-- verifyContactPage -->
</testsuite> <!-- Default test -->
