<?xml version="1.0" encoding="UTF-8"?>
<!-- Generated by org.testng.reporters.JUnitXMLReporter -->

<testsuite ignored="0" hostname="Ali-Hammad" failures="1" tests="5" name="Default test" time="129.27" errors="0" timestamp="2024-07-26T14:22:19 PKT">
  <testcase classname="cubixWebsiteTestPackage.CubixWebsiteTestCases" name="verifyHomepage" time="35.843"/>
  <testcase classname="cubixWebsiteTestPackage.CubixWebsiteTestCases" name="verifyContactPage" time="22.146"/>
  <testcase classname="cubixWebsiteTestPackage.CubixWebsiteTestCases" name="verifyProjectForm" time="13.411"/>
  <testcase classname="cubixWebsiteTestPackage.CubixWebsiteTestCases" name="searchFunctionality" time="11.679">
    <failure type="java.lang.AssertionError" message="expected [How Generative AI Can Help Build a Sustainable Future?] but found [Artificial Intelligence]">
      <![CDATA[java.lang.AssertionError: expected [How Generative AI Can Help Build a Sustainable Future?] but found [Artificial Intelligence]


<testsuite ignored="4" hostname="Humaid-Ahmed-Khan-QA" failures="1" tests="1" name="Default test" time="19.618" errors="0" timestamp="2024-07-26T12:37:08 PKT">
  <testcase classname="cubixWebsiteTestPackage.CubixWebsiteTestCases" name="searchFunctionality" time="15.546">
    <failure type="java.lang.AssertionError" message="expected [How Generative AI Can Help Build a Sustainable Future?] but found []">
      <![CDATA[java.lang.AssertionError: expected [How Generative AI Can Help Build a Sustainable Future?] but found []

at org.testng.Assert.fail(Assert.java:110)
at org.testng.Assert.failNotEquals(Assert.java:1577)
at org.testng.Assert.assertEqualsImpl(Assert.java:149)
at org.testng.Assert.assertEquals(Assert.java:131)
at org.testng.Assert.assertEquals(Assert.java:655)
at org.testng.Assert.assertEquals(Assert.java:665)
at cubixWebsitePages.BaseClass.verifyText(BaseClass.java:248)

at cubixWebsiteTestPackage.CubixWebsiteTestCases.searchFunctionality(CubixWebsiteTestCases.java:126)

at java.base/jdk.internal.reflect.NativeMethodAccessorImpl.invoke0(Native Method)
at java.base/jdk.internal.reflect.NativeMethodAccessorImpl.invoke(NativeMethodAccessorImpl.java:77)
at java.base/jdk.internal.reflect.DelegatingMethodAccessorImpl.invoke(DelegatingMethodAccessorImpl.java:43)
at java.base/java.lang.reflect.Method.invoke(Method.java:568)
at org.testng.internal.invokers.MethodInvocationHelper.invokeMethod(MethodInvocationHelper.java:139)
at org.testng.internal.invokers.TestInvoker.invokeMethod(TestInvoker.java:677)
at org.testng.internal.invokers.TestInvoker.invokeTestMethod(TestInvoker.java:221)
at org.testng.internal.invokers.MethodRunner.runInSequence(MethodRunner.java:50)
at org.testng.internal.invokers.TestInvoker$MethodInvocationAgent.invoke(TestInvoker.java:969)
at org.testng.internal.invokers.TestInvoker.invokeTestMethods(TestInvoker.java:194)
at org.testng.internal.invokers.TestMethodWorker.invokeTestMethods(TestMethodWorker.java:148)
at org.testng.internal.invokers.TestMethodWorker.run(TestMethodWorker.java:128)
at java.base/java.util.ArrayList.forEach(ArrayList.java:1511)
at org.testng.TestRunner.privateRun(TestRunner.java:829)
at org.testng.TestRunner.run(TestRunner.java:602)
at org.testng.SuiteRunner.runTest(SuiteRunner.java:437)
at org.testng.SuiteRunner.runSequentially(SuiteRunner.java:431)
at org.testng.SuiteRunner.privateRun(SuiteRunner.java:391)
at org.testng.SuiteRunner.run(SuiteRunner.java:330)
at org.testng.SuiteRunnerWorker.runSuite(SuiteRunnerWorker.java:52)
at org.testng.SuiteRunnerWorker.run(SuiteRunnerWorker.java:95)
at org.testng.TestNG.runSuitesSequentially(TestNG.java:1256)
at org.testng.TestNG.runSuitesLocally(TestNG.java:1176)
at org.testng.TestNG.runSuites(TestNG.java:1099)
at org.testng.TestNG.run(TestNG.java:1067)
at org.testng.remote.AbstractRemoteTestNG.run(AbstractRemoteTestNG.java:115)
at org.testng.remote.RemoteTestNG.initAndRun(RemoteTestNG.java:293)
at org.testng.remote.RemoteTestNG.main(RemoteTestNG.java:91)
]]>
    </failure>

  </testcase> <!-- searchFunctionality -->
  <testcase classname="cubixWebsiteTestPackage.CubixWebsiteTestCases" name="verifyProjectForm" time="0.0">
    <ignored/>
  </testcase> <!-- verifyProjectForm -->
  <testcase classname="cubixWebsiteTestPackage.CubixWebsiteTestCases" name="searchFunctionality" time="0.0">
    <ignored/>
  </testcase> <!-- searchFunctionality -->
  <testcase classname="cubixWebsiteTestPackage.CubixWebsiteTestCases" name="verifyHomepage" time="0.0">
    <ignored/>
  </testcase> <!-- verifyHomepage -->
  <testcase classname="cubixWebsiteTestPackage.CubixWebsiteTestCases" name="verifyContactPage" time="0.0">
    <ignored/>
  </testcase> <!-- verifyContactPage -->
  <testcase classname="cubixWebsiteTestPackage.CubixWebsiteTestCases" name="verifyCareerForm" time="0.0">
    <ignored/>
  </testcase> <!-- verifyCareerForm -->
</testsuite> <!-- Default test -->
